<?xml version="1.0" encoding="UTF-8"?>
<testng-results skipped="0" failed="0" total="1" passed="1">
  <reporter-output>
  </reporter-output>
  <suite name="Suite" duration-ms="4920" started-at="2019-03-14T01:44:25Z" finished-at="2019-03-14T01:44:30Z">
    <groups>
    </groups>
    <test name="Test" duration-ms="4920" started-at="2019-03-14T01:44:25Z" finished-at="2019-03-14T01:44:30Z">
      <class name="testbaidu.Tbaidu">
        <test-method status="PASS" signature="openchrome()[pri:0, instance:testbaidu.Tbaidu@449b2d27]" name="openchrome" duration-ms="4910" started-at="2019-03-14T09:44:25Z" finished-at="2019-03-14T09:44:30Z">
          <reporter-output>
          </reporter-output>
        </test-method> <!-- openchrome -->
      </class> <!-- testbaidu.Tbaidu -->
    </test> <!-- Test -->
  </suite> <!-- Suite -->
</testng-results>
